[INFO] Scanning for projects...
[INFO] 
[INFO] -----------------------< org.example:StyleMatch >-----------------------
[INFO] Building StyleMatch 0.0.1-SNAPSHOT
[INFO]   from pom.xml
[INFO] --------------------------------[ jar ]---------------------------------
[INFO] 
[INFO] >>> spring-boot:3.4.4:run (default-cli) > test-compile @ StyleMatch >>>
[INFO] 
[INFO] --- resources:3.3.1:resources (default-resources) @ StyleMatch ---
[INFO] Copying 1 resource from src/main/resources to target/classes
[INFO] Copying 12 resources from src/main/resources to target/classes
[INFO] 
[INFO] --- compiler:3.13.0:compile (default-compile) @ StyleMatch ---
[INFO] Nothing to compile - all classes are up to date.
[INFO] 
[INFO] --- resources:3.3.1:testResources (default-testResources) @ StyleMatch ---
[INFO] skip non existing resourceDirectory /Users/albinakabaniuk/IdeaProjects/StyleMatch/src/test/resources
[INFO] 
[INFO] --- compiler:3.13.0:testCompile (default-testCompile) @ StyleMatch ---
[INFO] Nothing to compile - all classes are up to date.
[INFO] 
[INFO] <<< spring-boot:3.4.4:run (default-cli) < test-compile @ StyleMatch <<<
[INFO] 
[INFO] 
[INFO] --- spring-boot:3.4.4:run (default-cli) @ StyleMatch ---
[INFO] Attaching agents: []

  .   ____          _            __ _ _
 /\\ / ___'_ __ _ _(_)_ __  __ _ \ \ \ \
( ( )\___ | '_ | '_| | '_ \/ _` | \ \ \ \
 \\/  ___)| |_)| | | | | || (_| |  ) ) ) )
  '  |____| .__|_| |_|_| |_\__, | / / / /
 =========|_|==============|___/=/_/_/_/

 :: Spring Boot ::                (v3.4.4)

2026-03-25T02:42:21.101+01:00  INFO 56257 --- [StyleMatch] [           main] com.stylematch.StyleMatchApplication     : Starting StyleMatchApplication using Java 21.0.10 with PID 56257 (/Users/albinakabaniuk/IdeaProjects/StyleMatch/target/classes started by albinakabaniuk in /Users/albinakabaniuk/IdeaProjects/StyleMatch)
2026-03-25T02:42:21.102+01:00 DEBUG 56257 --- [StyleMatch] [           main] com.stylematch.StyleMatchApplication     : Running with Spring Boot v3.4.4, Spring v6.2.5
2026-03-25T02:42:21.102+01:00  INFO 56257 --- [StyleMatch] [           main] com.stylematch.StyleMatchApplication     : No active profile set, falling back to 1 default profile: "default"
2026-03-25T02:42:21.351+01:00  INFO 56257 --- [StyleMatch] [           main] .s.d.r.c.RepositoryConfigurationDelegate : Bootstrapping Spring Data JPA repositories in DEFAULT mode.
2026-03-25T02:42:21.374+01:00  INFO 56257 --- [StyleMatch] [           main] .s.d.r.c.RepositoryConfigurationDelegate : Finished Spring Data repository scanning in 19 ms. Found 6 JPA repository interfaces.
2026-03-25T02:42:21.538+01:00  INFO 56257 --- [StyleMatch] [           main] o.s.b.w.embedded.tomcat.TomcatWebServer  : Tomcat initialized with port 8080 (http)
2026-03-25T02:42:21.543+01:00  INFO 56257 --- [StyleMatch] [           main] o.apache.catalina.core.StandardService   : Starting service [Tomcat]
2026-03-25T02:42:21.543+01:00  INFO 56257 --- [StyleMatch] [           main] o.apache.catalina.core.StandardEngine    : Starting Servlet engine: [Apache Tomcat/10.1.39]
2026-03-25T02:42:21.564+01:00  INFO 56257 --- [StyleMatch] [           main] o.a.c.c.C.[Tomcat].[localhost].[/]       : Initializing Spring embedded WebApplicationContext
2026-03-25T02:42:21.565+01:00  INFO 56257 --- [StyleMatch] [           main] w.s.c.ServletWebServerApplicationContext : Root WebApplicationContext: initialization completed in 451 ms
2026-03-25T02:42:21.598+01:00  INFO 56257 --- [StyleMatch] [           main] com.zaxxer.hikari.HikariDataSource       : HikariPool-1 - Starting...
2026-03-25T02:42:21.660+01:00  INFO 56257 --- [StyleMatch] [           main] com.zaxxer.hikari.pool.HikariPool        : HikariPool-1 - Added connection org.postgresql.jdbc.PgConnection@4eb9ae4d
2026-03-25T02:42:21.661+01:00  INFO 56257 --- [StyleMatch] [           main] com.zaxxer.hikari.HikariDataSource       : HikariPool-1 - Start completed.
2026-03-25T02:42:21.713+01:00  INFO 56257 --- [StyleMatch] [           main] liquibase.database                       : Set default schema name to public
2026-03-25T02:42:21.865+01:00  INFO 56257 --- [StyleMatch] [           main] liquibase.changelog                      : Reading from public.databasechangelog
2026-03-25T02:42:21.879+01:00  INFO 56257 --- [StyleMatch] [           main] liquibase.ui                             : Database is up to date, no changesets to execute
2026-03-25T02:42:21.880+01:00  INFO 56257 --- [StyleMatch] [           main] liquibase.changelog                      : Reading from public.databasechangelog
2026-03-25T02:42:21.882+01:00  INFO 56257 --- [StyleMatch] [           main] liquibase.util                           : UPDATE SUMMARY
2026-03-25T02:42:21.883+01:00  INFO 56257 --- [StyleMatch] [           main] liquibase.util                           : Run:                          0
2026-03-25T02:42:21.883+01:00  INFO 56257 --- [StyleMatch] [           main] liquibase.util                           : Previously run:              11
2026-03-25T02:42:21.883+01:00  INFO 56257 --- [StyleMatch] [           main] liquibase.util                           : Filtered out:                 0
2026-03-25T02:42:21.883+01:00  INFO 56257 --- [StyleMatch] [           main] liquibase.util                           : -------------------------------
2026-03-25T02:42:21.883+01:00  INFO 56257 --- [StyleMatch] [           main] liquibase.util                           : Total change sets:           11
2026-03-25T02:42:21.883+01:00  INFO 56257 --- [StyleMatch] [           main] liquibase.util                           : Update summary generated
2026-03-25T02:42:21.883+01:00  INFO 56257 --- [StyleMatch] [           main] liquibase.command                        : Command execution complete
2026-03-25T02:42:21.907+01:00  INFO 56257 --- [StyleMatch] [           main] o.hibernate.jpa.internal.util.LogHelper  : HHH000204: Processing PersistenceUnitInfo [name: default]
2026-03-25T02:42:21.921+01:00  INFO 56257 --- [StyleMatch] [           main] org.hibernate.Version                    : HHH000412: Hibernate ORM core version 6.6.11.Final
2026-03-25T02:42:21.930+01:00  INFO 56257 --- [StyleMatch] [           main] o.h.c.internal.RegionFactoryInitiator    : HHH000026: Second-level cache disabled
2026-03-25T02:42:22.002+01:00  INFO 56257 --- [StyleMatch] [           main] o.s.o.j.p.SpringPersistenceUnitInfo      : No LoadTimeWeaver setup: ignoring JPA class transformer
2026-03-25T02:42:22.025+01:00  INFO 56257 --- [StyleMatch] [           main] org.hibernate.orm.connections.pooling    : HHH10001005: Database info:
	Database JDBC URL [Connecting through datasource 'HikariDataSource (HikariPool-1)']
	Database driver: undefined/unknown
	Database version: 15.17
	Autocommit mode: undefined/unknown
	Isolation level: undefined/unknown
	Minimum pool size: undefined/unknown
	Maximum pool size: undefined/unknown
2026-03-25T02:42:22.346+01:00  INFO 56257 --- [StyleMatch] [           main] o.h.e.t.j.p.i.JtaPlatformInitiator       : HHH000489: No JTA platform available (set 'hibernate.transaction.jta.platform' to enable JTA platform integration)
2026-03-25T02:42:22.362+01:00  INFO 56257 --- [StyleMatch] [           main] j.LocalContainerEntityManagerFactoryBean : Initialized JPA EntityManagerFactory for persistence unit 'default'
2026-03-25T02:42:22.460+01:00 DEBUG 56257 --- [StyleMatch] [           main] c.s.security.JwtAuthenticationFilter     : Filter 'jwtAuthenticationFilter' configured for use
2026-03-25T02:42:22.503+01:00  INFO 56257 --- [StyleMatch] [           main] eAuthenticationProviderManagerConfigurer : Global AuthenticationManager configured with AuthenticationProvider bean with name authenticationProvider
2026-03-25T02:42:22.503+01:00  WARN 56257 --- [StyleMatch] [           main] r$InitializeUserDetailsManagerConfigurer : Global AuthenticationManager configured with an AuthenticationProvider bean. UserDetailsService beans will not be used by Spring Security for automatically configuring username/password login. Consider removing the AuthenticationProvider bean. Alternatively, consider using the UserDetailsService in a manually instantiated DaoAuthenticationProvider. If the current configuration is intentional, to turn off this warning, increase the logging level of 'org.springframework.security.config.annotation.authentication.configuration.InitializeUserDetailsBeanManagerConfigurer' to ERROR
2026-03-25T02:42:22.542+01:00  WARN 56257 --- [StyleMatch] [           main] JpaBaseConfiguration$JpaWebConfiguration : spring.jpa.open-in-view is enabled by default. Therefore, database queries may be performed during view rendering. Explicitly configure spring.jpa.open-in-view to disable this warning
2026-03-25T02:42:22.732+01:00  INFO 56257 --- [StyleMatch] [           main] o.s.b.w.embedded.tomcat.TomcatWebServer  : Tomcat started on port 8080 (http) with context path '/'
2026-03-25T02:42:22.736+01:00  INFO 56257 --- [StyleMatch] [           main] com.stylematch.StyleMatchApplication     : Started StyleMatchApplication in 1.765 seconds (process running for 1.867)
Hibernate: 
    select
        u1_0.id,
        u1_0.age,
        u1_0.email,
        u1_0.gender,
        u1_0.height,
        u1_0.name,
        u1_0.password,
        u1_0.preferred_language,
        u1_0.role,
        u1_0.weight 
    from
        users u1_0 
    where
        u1_0.email=?
2026-03-25T02:42:22.792+01:00  INFO 56257 --- [StyleMatch] [           main] com.stylematch.config.DataInitializer    : Checking if sample data needs to be initialized...
2026-03-25T02:42:22.794+01:00  INFO 56257 --- [StyleMatch] [           main] c.s.service.impl.CustomerServiceImpl     : Fetching all customers
Hibernate: 
    select
        c1_0.id,
        c1_0.body_shape,
        c1_0.color_type,
        c1_0.contrast_level,
        c1_0.created_at,
        c1_0.email,
        c1_0.name,
        c1_0.undertone,
        c1_0.updated_at 
    from
        customers c1_0
2026-03-25T02:42:44.674+01:00  INFO 56257 --- [StyleMatch] [nio-8080-exec-1] o.a.c.c.C.[Tomcat].[localhost].[/]       : Initializing Spring DispatcherServlet 'dispatcherServlet'
2026-03-25T02:42:44.675+01:00  INFO 56257 --- [StyleMatch] [nio-8080-exec-1] o.s.web.servlet.DispatcherServlet        : Initializing Servlet 'dispatcherServlet'
2026-03-25T02:42:44.686+01:00  INFO 56257 --- [StyleMatch] [nio-8080-exec-1] o.s.web.servlet.DispatcherServlet        : Completed initialization in 11 ms
2026-03-25T02:42:44.740+01:00 DEBUG 56257 --- [StyleMatch] [nio-8080-exec-1] com.stylematch.service.UserService       : UserDetailsService: loading user by email: anotheruser@example.com
Hibernate: 
    select
        u1_0.id,
        u1_0.age,
        u1_0.email,
        u1_0.gender,
        u1_0.height,
        u1_0.name,
        u1_0.password,
        u1_0.preferred_language,
        u1_0.role,
        u1_0.weight 
    from
        users u1_0 
    where
        u1_0.email=?
2026-03-25T02:42:44.787+01:00  INFO 56257 --- [StyleMatch] [nio-8080-exec-1] c.s.service.BodyShapeAnalysisService     : Analyzing body shape for user: anotheruser@example.com
2026-03-25T02:42:44.787+01:00  INFO 56257 --- [StyleMatch] [nio-8080-exec-1] com.stylematch.service.AIService         : API Key is 'demo', returning mock AI result for BODY_SHAPE
Hibernate: 
    insert 
    into
        test_results
        (created_at, metadata, result, test_type, user_id) 
    values
        (?, ?, ?, ?, ?)
2026-03-25T02:42:44.802+01:00  INFO 56257 --- [StyleMatch] [nio-8080-exec-1] c.s.service.BodyShapeAnalysisService     : [PERF] body shape analysis done — PEAR (15ms)
2026-03-25T02:42:52.709+01:00 ERROR 56257 --- [StyleMatch] [nio-8080-exec-2] o.a.c.c.C.[.[.[/].[dispatcherServlet]    : Servlet.service() for servlet [dispatcherServlet] in context with path [] threw exception

io.jsonwebtoken.security.SignatureException: JWT signature does not match locally computed signature. JWT validity cannot be asserted and should not be trusted.
	at io.jsonwebtoken.impl.DefaultJwtParser.verifySignature(DefaultJwtParser.java:340) ~[jjwt-impl-0.12.5.jar:0.12.5]
	at io.jsonwebtoken.impl.DefaultJwtParser.parse(DefaultJwtParser.java:577) ~[jjwt-impl-0.12.5.jar:0.12.5]
	at io.jsonwebtoken.impl.DefaultJwtParser.parse(DefaultJwtParser.java:362) ~[jjwt-impl-0.12.5.jar:0.12.5]
	at io.jsonwebtoken.impl.DefaultJwtParser.parse(DefaultJwtParser.java:94) ~[jjwt-impl-0.12.5.jar:0.12.5]
	at io.jsonwebtoken.impl.io.AbstractParser.parse(AbstractParser.java:36) ~[jjwt-impl-0.12.5.jar:0.12.5]
	at io.jsonwebtoken.impl.io.AbstractParser.parse(AbstractParser.java:29) ~[jjwt-impl-0.12.5.jar:0.12.5]
	at io.jsonwebtoken.impl.DefaultJwtParser.parseSignedClaims(DefaultJwtParser.java:821) ~[jjwt-impl-0.12.5.jar:0.12.5]
	at com.stylematch.security.JwtUtil.extractAllClaims(JwtUtil.java:48) ~[classes/:na]
	at com.stylematch.security.JwtUtil.extractClaim(JwtUtil.java:40) ~[classes/:na]
	at com.stylematch.security.JwtUtil.extractUsername(JwtUtil.java:32) ~[classes/:na]
	at com.stylematch.security.JwtAuthenticationFilter.doFilterInternal(JwtAuthenticationFilter.java:44) ~[classes/:na]
	at org.springframework.web.filter.OncePerRequestFilter.doFilter(OncePerRequestFilter.java:116) ~[spring-web-6.2.5.jar:6.2.5]
	at org.springframework.security.web.FilterChainProxy$VirtualFilterChain.doFilter(FilterChainProxy.java:374) ~[spring-security-web-6.4.4.jar:6.4.4]
	at org.springframework.security.web.authentication.logout.LogoutFilter.doFilter(LogoutFilter.java:107) ~[spring-security-web-6.4.4.jar:6.4.4]
	at org.springframework.security.web.authentication.logout.LogoutFilter.doFilter(LogoutFilter.java:93) ~[spring-security-web-6.4.4.jar:6.4.4]
	at org.springframework.security.web.FilterChainProxy$VirtualFilterChain.doFilter(FilterChainProxy.java:374) ~[spring-security-web-6.4.4.jar:6.4.4]
	at org.springframework.web.filter.CorsFilter.doFilterInternal(CorsFilter.java:91) ~[spring-web-6.2.5.jar:6.2.5]
	at org.springframework.web.filter.OncePerRequestFilter.doFilter(OncePerRequestFilter.java:116) ~[spring-web-6.2.5.jar:6.2.5]
	at org.springframework.security.web.FilterChainProxy$VirtualFilterChain.doFilter(FilterChainProxy.java:374) ~[spring-security-web-6.4.4.jar:6.4.4]
	at org.springframework.security.web.header.HeaderWriterFilter.doHeadersAfter(HeaderWriterFilter.java:90) ~[spring-security-web-6.4.4.jar:6.4.4]
	at org.springframework.security.web.header.HeaderWriterFilter.doFilterInternal(HeaderWriterFilter.java:75) ~[spring-security-web-6.4.4.jar:6.4.4]
	at org.springframework.web.filter.OncePerRequestFilter.doFilter(OncePerRequestFilter.java:116) ~[spring-web-6.2.5.jar:6.2.5]
	at org.springframework.security.web.FilterChainProxy$VirtualFilterChain.doFilter(FilterChainProxy.java:374) ~[spring-security-web-6.4.4.jar:6.4.4]
	at org.springframework.security.web.context.SecurityContextHolderFilter.doFilter(SecurityContextHolderFilter.java:82) ~[spring-security-web-6.4.4.jar:6.4.4]
	at org.springframework.security.web.context.SecurityContextHolderFilter.doFilter(SecurityContextHolderFilter.java:69) ~[spring-security-web-6.4.4.jar:6.4.4]
	at org.springframework.security.web.FilterChainProxy$VirtualFilterChain.doFilter(FilterChainProxy.java:374) ~[spring-security-web-6.4.4.jar:6.4.4]
	at org.springframework.security.web.context.request.async.WebAsyncManagerIntegrationFilter.doFilterInternal(WebAsyncManagerIntegrationFilter.java:62) ~[spring-security-web-6.4.4.jar:6.4.4]
	at org.springframework.web.filter.OncePerRequestFilter.doFilter(OncePerRequestFilter.java:116) ~[spring-web-6.2.5.jar:6.2.5]
	at org.springframework.security.web.FilterChainProxy$VirtualFilterChain.doFilter(FilterChainProxy.java:374) ~[spring-security-web-6.4.4.jar:6.4.4]
	at org.springframework.security.web.session.DisableEncodeUrlFilter.doFilterInternal(DisableEncodeUrlFilter.java:42) ~[spring-security-web-6.4.4.jar:6.4.4]
	at org.springframework.web.filter.OncePerRequestFilter.doFilter(OncePerRequestFilter.java:116) ~[spring-web-6.2.5.jar:6.2.5]
	at org.springframework.security.web.FilterChainProxy$VirtualFilterChain.doFilter(FilterChainProxy.java:374) ~[spring-security-web-6.4.4.jar:6.4.4]
	at org.springframework.security.web.FilterChainProxy.doFilterInternal(FilterChainProxy.java:233) ~[spring-security-web-6.4.4.jar:6.4.4]
	at org.springframework.security.web.FilterChainProxy.doFilter(FilterChainProxy.java:191) ~[spring-security-web-6.4.4.jar:6.4.4]
	at org.springframework.web.filter.CompositeFilter$VirtualFilterChain.doFilter(CompositeFilter.java:113) ~[spring-web-6.2.5.jar:6.2.5]
	at org.springframework.web.servlet.handler.HandlerMappingIntrospector.lambda$createCacheFilter$3(HandlerMappingIntrospector.java:243) ~[spring-webmvc-6.2.5.jar:6.2.5]
	at org.springframework.web.filter.CompositeFilter$VirtualFilterChain.doFilter(CompositeFilter.java:113) ~[spring-web-6.2.5.jar:6.2.5]
	at org.springframework.web.filter.CompositeFilter.doFilter(CompositeFilter.java:74) ~[spring-web-6.2.5.jar:6.2.5]
	at org.springframework.security.config.annotation.web.configuration.WebMvcSecurityConfiguration$CompositeFilterChainProxy.doFilter(WebMvcSecurityConfiguration.java:238) ~[spring-security-config-6.4.4.jar:6.4.4]
	at org.springframework.web.filter.DelegatingFilterProxy.invokeDelegate(DelegatingFilterProxy.java:362) ~[spring-web-6.2.5.jar:6.2.5]
	at org.springframework.web.filter.DelegatingFilterProxy.doFilter(DelegatingFilterProxy.java:278) ~[spring-web-6.2.5.jar:6.2.5]
	at org.apache.catalina.core.ApplicationFilterChain.internalDoFilter(ApplicationFilterChain.java:164) ~[tomcat-embed-core-10.1.39.jar:10.1.39]
	at org.apache.catalina.core.ApplicationFilterChain.doFilter(ApplicationFilterChain.java:140) ~[tomcat-embed-core-10.1.39.jar:10.1.39]
	at org.springframework.web.filter.RequestContextFilter.doFilterInternal(RequestContextFilter.java:100) ~[spring-web-6.2.5.jar:6.2.5]
	at org.springframework.web.filter.OncePerRequestFilter.doFilter(OncePerRequestFilter.java:116) ~[spring-web-6.2.5.jar:6.2.5]
	at org.apache.catalina.core.ApplicationFilterChain.internalDoFilter(ApplicationFilterChain.java:164) ~[tomcat-embed-core-10.1.39.jar:10.1.39]
	at org.apache.catalina.core.ApplicationFilterChain.doFilter(ApplicationFilterChain.java:140) ~[tomcat-embed-core-10.1.39.jar:10.1.39]
	at org.springframework.web.filter.FormContentFilter.doFilterInternal(FormContentFilter.java:93) ~[spring-web-6.2.5.jar:6.2.5]
	at org.springframework.web.filter.OncePerRequestFilter.doFilter(OncePerRequestFilter.java:116) ~[spring-web-6.2.5.jar:6.2.5]
	at org.apache.catalina.core.ApplicationFilterChain.internalDoFilter(ApplicationFilterChain.java:164) ~[tomcat-embed-core-10.1.39.jar:10.1.39]
	at org.apache.catalina.core.ApplicationFilterChain.doFilter(ApplicationFilterChain.java:140) ~[tomcat-embed-core-10.1.39.jar:10.1.39]
	at org.springframework.web.filter.CharacterEncodingFilter.doFilterInternal(CharacterEncodingFilter.java:201) ~[spring-web-6.2.5.jar:6.2.5]
	at org.springframework.web.filter.OncePerRequestFilter.doFilter(OncePerRequestFilter.java:116) ~[spring-web-6.2.5.jar:6.2.5]
	at org.apache.catalina.core.ApplicationFilterChain.internalDoFilter(ApplicationFilterChain.java:164) ~[tomcat-embed-core-10.1.39.jar:10.1.39]
	at org.apache.catalina.core.ApplicationFilterChain.doFilter(ApplicationFilterChain.java:140) ~[tomcat-embed-core-10.1.39.jar:10.1.39]
	at org.apache.catalina.core.StandardWrapperValve.invoke(StandardWrapperValve.java:167) ~[tomcat-embed-core-10.1.39.jar:10.1.39]
	at org.apache.catalina.core.StandardContextValve.invoke(StandardContextValve.java:90) ~[tomcat-embed-core-10.1.39.jar:10.1.39]
	at org.apache.catalina.authenticator.AuthenticatorBase.invoke(AuthenticatorBase.java:483) ~[tomcat-embed-core-10.1.39.jar:10.1.39]
	at org.apache.catalina.core.StandardHostValve.invoke(StandardHostValve.java:115) ~[tomcat-embed-core-10.1.39.jar:10.1.39]
	at org.apache.catalina.valves.ErrorReportValve.invoke(ErrorReportValve.java:93) ~[tomcat-embed-core-10.1.39.jar:10.1.39]
	at org.apache.catalina.core.StandardEngineValve.invoke(StandardEngineValve.java:74) ~[tomcat-embed-core-10.1.39.jar:10.1.39]
	at org.apache.catalina.connector.CoyoteAdapter.service(CoyoteAdapter.java:344) ~[tomcat-embed-core-10.1.39.jar:10.1.39]
	at org.apache.coyote.http11.Http11Processor.service(Http11Processor.java:397) ~[tomcat-embed-core-10.1.39.jar:10.1.39]
	at org.apache.coyote.AbstractProcessorLight.process(AbstractProcessorLight.java:63) ~[tomcat-embed-core-10.1.39.jar:10.1.39]
	at org.apache.coyote.AbstractProtocol$ConnectionHandler.process(AbstractProtocol.java:905) ~[tomcat-embed-core-10.1.39.jar:10.1.39]
	at org.apache.tomcat.util.net.NioEndpoint$SocketProcessor.doRun(NioEndpoint.java:1743) ~[tomcat-embed-core-10.1.39.jar:10.1.39]
	at org.apache.tomcat.util.net.SocketProcessorBase.run(SocketProcessorBase.java:52) ~[tomcat-embed-core-10.1.39.jar:10.1.39]
	at org.apache.tomcat.util.threads.ThreadPoolExecutor.runWorker(ThreadPoolExecutor.java:1190) ~[tomcat-embed-core-10.1.39.jar:10.1.39]
	at org.apache.tomcat.util.threads.ThreadPoolExecutor$Worker.run(ThreadPoolExecutor.java:659) ~[tomcat-embed-core-10.1.39.jar:10.1.39]
	at org.apache.tomcat.util.threads.TaskThread$WrappingRunnable.run(TaskThread.java:63) ~[tomcat-embed-core-10.1.39.jar:10.1.39]
	at java.base/java.lang.Thread.run(Thread.java:1583) ~[na:na]

2026-03-25T02:43:18.861+01:00 DEBUG 56257 --- [StyleMatch] [nio-8080-exec-4] com.stylematch.service.UserService       : UserDetailsService: loading user by email: testuser@example.com
Hibernate: 
    select
        u1_0.id,
        u1_0.age,
        u1_0.email,
        u1_0.gender,
        u1_0.height,
        u1_0.name,
        u1_0.password,
        u1_0.preferred_language,
        u1_0.role,
        u1_0.weight 
    from
        users u1_0 
    where
        u1_0.email=?
2026-03-25T02:43:18.895+01:00  INFO 56257 --- [StyleMatch] [nio-8080-exec-4] c.s.controller.AnalysisController        : [PERF] POST /api/analysis/test — user=testuser@example.com
2026-03-25T02:43:18.895+01:00  INFO 56257 --- [StyleMatch] [nio-8080-exec-4] c.s.controller.AnalysisController        : Incoming TestAnalysisRequest: com.stylematch.dto.TestAnalysisRequest@28500891
2026-03-25T02:43:18.895+01:00  INFO 56257 --- [StyleMatch] [nio-8080-exec-4] com.stylematch.service.AnalysisService   : [PERF] analyzeTest start — user=testuser@example.com, answers=2
2026-03-25T02:43:18.895+01:00  INFO 56257 --- [StyleMatch] [nio-8080-exec-4] com.stylematch.service.AIService         : API Key is 'demo', returning mock AI result for COLOR_TYPE
Hibernate: 
    insert 
    into
        analysis_results
        (color_type, contrast_level, created_at, input_type, raw_data, undertone, user_id, id) 
    values
        (?, ?, ?, ?, ?, ?, ?, ?)
Hibernate: 
    insert 
    into
        analysis_answers
        (analysis_id, answer_value, question_id, id) 
    values
        (?, ?, ?, ?)
Hibernate: 
    insert 
    into
        analysis_answers
        (analysis_id, answer_value, question_id, id) 
    values
        (?, ?, ?, ?)
Hibernate: 
    insert 
    into
        test_results
        (created_at, metadata, result, test_type, user_id) 
    values
        (?, ?, ?, ?, ?)
2026-03-25T02:43:18.908+01:00  INFO 56257 --- [StyleMatch] [nio-8080-exec-4] com.stylematch.service.AnalysisService   : [PERF] Analysis completed for user=testuser@example.com (Total time: 13ms)
2026-03-25T02:43:18.912+01:00  INFO 56257 --- [StyleMatch] [nio-8080-exec-4] c.s.controller.AnalysisController        : [PERF] POST /api/analysis/test total=17ms
2026-03-25T02:43:33.482+01:00 DEBUG 56257 --- [StyleMatch] [nio-8080-exec-6] com.stylematch.service.UserService       : UserDetailsService: loading user by email: anotheruser@example.com
Hibernate: 
    select
        u1_0.id,
        u1_0.age,
        u1_0.email,
        u1_0.gender,
        u1_0.height,
        u1_0.name,
        u1_0.password,
        u1_0.preferred_language,
        u1_0.role,
        u1_0.weight 
    from
        users u1_0 
    where
        u1_0.email=?
2026-03-25T02:43:33.486+01:00  INFO 56257 --- [StyleMatch] [nio-8080-exec-6] c.s.controller.AnalysisController        : [PERF] POST /api/analysis/test — user=anotheruser@example.com
2026-03-25T02:43:33.486+01:00  INFO 56257 --- [StyleMatch] [nio-8080-exec-6] c.s.controller.AnalysisController        : Incoming TestAnalysisRequest: com.stylematch.dto.TestAnalysisRequest@4cbf11d5
2026-03-25T02:43:33.487+01:00  INFO 56257 --- [StyleMatch] [nio-8080-exec-6] com.stylematch.service.AnalysisService   : [PERF] analyzeTest start — user=anotheruser@example.com, answers=2
2026-03-25T02:43:33.487+01:00  INFO 56257 --- [StyleMatch] [nio-8080-exec-6] com.stylematch.service.AIService         : API Key is 'demo', returning mock AI result for COLOR_TYPE
Hibernate: 
    insert 
    into
        analysis_results
        (color_type, contrast_level, created_at, input_type, raw_data, undertone, user_id, id) 
    values
        (?, ?, ?, ?, ?, ?, ?, ?)
Hibernate: 
    insert 
    into
        analysis_answers
        (analysis_id, answer_value, question_id, id) 
    values
        (?, ?, ?, ?)
Hibernate: 
    insert 
    into
        analysis_answers
        (analysis_id, answer_value, question_id, id) 
    values
        (?, ?, ?, ?)
Hibernate: 
    insert 
    into
        test_results
        (created_at, metadata, result, test_type, user_id) 
    values
        (?, ?, ?, ?, ?)
2026-03-25T02:43:33.490+01:00  INFO 56257 --- [StyleMatch] [nio-8080-exec-6] com.stylematch.service.AnalysisService   : [PERF] Analysis completed for user=anotheruser@example.com (Total time: 3ms)
2026-03-25T02:43:33.491+01:00  INFO 56257 --- [StyleMatch] [nio-8080-exec-6] c.s.controller.AnalysisController        : [PERF] POST /api/analysis/test total=5ms
2026-03-25T02:47:37.099+01:00 DEBUG 56257 --- [StyleMatch] [nio-8080-exec-9] com.stylematch.service.UserService       : UserDetailsService: loading user by email: littleritmix@gmail.com
Hibernate: 
    select
        u1_0.id,
        u1_0.age,
        u1_0.email,
        u1_0.gender,
        u1_0.height,
        u1_0.name,
        u1_0.password,
        u1_0.preferred_language,
        u1_0.role,
        u1_0.weight 
    from
        users u1_0 
    where
        u1_0.email=?
2026-03-25T02:47:37.132+01:00  INFO 56257 --- [StyleMatch] [nio-8080-exec-9] com.stylematch.service.AuthService       : [PERF] register start — email=littleritmix@gmail.com
Hibernate: 
    select
        u1_0.id 
    from
        users u1_0 
    where
        u1_0.email=? 
    fetch
        first ? rows only
2026-03-25T02:47:37.139+01:00  WARN 56257 --- [StyleMatch] [nio-8080-exec-9] com.stylematch.service.AuthService       : Registration attempt with already-registered email: littleritmix@gmail.com
2026-03-25T02:47:37.141+01:00  WARN 56257 --- [StyleMatch] [nio-8080-exec-9] c.s.controller.AuthenticationController  : Registration rejected — email already exists: littleritmix@gmail.com
2026-03-25T02:47:44.880+01:00 DEBUG 56257 --- [StyleMatch] [nio-8080-exec-1] com.stylematch.service.UserService       : UserDetailsService: loading user by email: littleritmix@gmail.com
Hibernate: 
    select
        u1_0.id,
        u1_0.age,
        u1_0.email,
        u1_0.gender,
        u1_0.height,
        u1_0.name,
        u1_0.password,
        u1_0.preferred_language,
        u1_0.role,
        u1_0.weight 
    from
        users u1_0 
    where
        u1_0.email=?
2026-03-25T02:47:44.887+01:00  INFO 56257 --- [StyleMatch] [nio-8080-exec-1] c.s.controller.AuthenticationController  : Login attempt: littleritmix@gmail.com
2026-03-25T02:47:44.887+01:00  INFO 56257 --- [StyleMatch] [nio-8080-exec-1] com.stylematch.service.AuthService       : [AUTH] Login attempt — email=littleritmix@gmail.com
2026-03-25T02:47:44.969+01:00 DEBUG 56257 --- [StyleMatch] [nio-8080-exec-1] com.stylematch.service.UserService       : UserDetailsService: loading user by email: littleritmix@gmail.com
Hibernate: 
    select
        u1_0.id,
        u1_0.age,
        u1_0.email,
        u1_0.gender,
        u1_0.height,
        u1_0.name,
        u1_0.password,
        u1_0.preferred_language,
        u1_0.role,
        u1_0.weight 
    from
        users u1_0 
    where
        u1_0.email=?
2026-03-25T02:47:45.293+01:00  INFO 56257 --- [StyleMatch] [nio-8080-exec-1] com.stylematch.service.AuthService       : [PERF] BCrypt authenticate took 406ms
2026-03-25T02:47:45.451+01:00  INFO 56257 --- [StyleMatch] [nio-8080-exec-1] com.stylematch.service.AuthService       : [AUTH] Login SUCCESS: littleritmix@gmail.com, total=564ms
2026-03-25T02:47:45.452+01:00  INFO 56257 --- [StyleMatch] [nio-8080-exec-1] c.s.controller.AuthenticationController  : Login SUCCESS: littleritmix@gmail.com
2026-03-25T02:48:05.544+01:00 DEBUG 56257 --- [StyleMatch] [nio-8080-exec-3] com.stylematch.service.UserService       : UserDetailsService: loading user by email: littleritmix@gmail.com
Hibernate: 
    select
        u1_0.id,
        u1_0.age,
        u1_0.email,
        u1_0.gender,
        u1_0.height,
        u1_0.name,
        u1_0.password,
        u1_0.preferred_language,
        u1_0.role,
        u1_0.weight 
    from
        users u1_0 
    where
        u1_0.email=?
2026-03-25T02:48:05.561+01:00  INFO 56257 --- [StyleMatch] [nio-8080-exec-3] c.s.controller.AnalysisController        : [PERF] POST /api/analysis/test — user=littleritmix@gmail.com
2026-03-25T02:48:05.561+01:00  INFO 56257 --- [StyleMatch] [nio-8080-exec-3] c.s.controller.AnalysisController        : Incoming TestAnalysisRequest: com.stylematch.dto.TestAnalysisRequest@7cd750c9
2026-03-25T02:48:05.562+01:00  INFO 56257 --- [StyleMatch] [nio-8080-exec-3] com.stylematch.service.AnalysisService   : [PERF] analyzeTest start — user=littleritmix@gmail.com, answers=5
2026-03-25T02:48:05.562+01:00  INFO 56257 --- [StyleMatch] [nio-8080-exec-3] com.stylematch.service.AIService         : API Key is 'demo', returning mock AI result for COLOR_TYPE
Hibernate: 
    insert 
    into
        analysis_results
        (color_type, contrast_level, created_at, input_type, raw_data, undertone, user_id, id) 
    values
        (?, ?, ?, ?, ?, ?, ?, ?)
Hibernate: 
    insert 
    into
        analysis_answers
        (analysis_id, answer_value, question_id, id) 
    values
        (?, ?, ?, ?)
Hibernate: 
    insert 
    into
        analysis_answers
        (analysis_id, answer_value, question_id, id) 
    values
        (?, ?, ?, ?)
Hibernate: 
    insert 
    into
        analysis_answers
        (analysis_id, answer_value, question_id, id) 
    values
        (?, ?, ?, ?)
Hibernate: 
    insert 
    into
        analysis_answers
        (analysis_id, answer_value, question_id, id) 
    values
        (?, ?, ?, ?)
Hibernate: 
    insert 
    into
        analysis_answers
        (analysis_id, answer_value, question_id, id) 
    values
        (?, ?, ?, ?)
Hibernate: 
    insert 
    into
        test_results
        (created_at, metadata, result, test_type, user_id) 
    values
        (?, ?, ?, ?, ?)
2026-03-25T02:48:05.574+01:00  INFO 56257 --- [StyleMatch] [nio-8080-exec-3] com.stylematch.service.AnalysisService   : [PERF] Analysis completed for user=littleritmix@gmail.com (Total time: 12ms)
2026-03-25T02:48:05.578+01:00  INFO 56257 --- [StyleMatch] [nio-8080-exec-3] c.s.controller.AnalysisController        : [PERF] POST /api/analysis/test total=17ms
2026-03-25T02:48:17.968+01:00 DEBUG 56257 --- [StyleMatch] [nio-8080-exec-5] com.stylematch.service.UserService       : UserDetailsService: loading user by email: littleritmix@gmail.com
Hibernate: 
    select
        u1_0.id,
        u1_0.age,
        u1_0.email,
        u1_0.gender,
        u1_0.height,
        u1_0.name,
        u1_0.password,
        u1_0.preferred_language,
        u1_0.role,
        u1_0.weight 
    from
        users u1_0 
    where
        u1_0.email=?
Hibernate: 
    select
        u1_0.id,
        u1_0.age,
        u1_0.email,
        u1_0.gender,
        u1_0.height,
        u1_0.name,
        u1_0.password,
        u1_0.preferred_language,
        u1_0.role,
        u1_0.weight,
        tr1_0.user_id,
        tr1_0.id,
        tr1_0.created_at,
        tr1_0.metadata,
        tr1_0.result,
        tr1_0.test_type 
    from
        users u1_0 
    left join
        test_results tr1_0 
            on u1_0.id=tr1_0.user_id 
    where
        u1_0.id=?
Hibernate: 
    update
        users 
    set
        age=?,
        email=?,
        gender=?,
        height=?,
        name=?,
        password=?,
        preferred_language=?,
        role=?,
        weight=? 
    where
        id=?
2026-03-25T02:48:18.012+01:00  INFO 56257 --- [StyleMatch] [nio-8080-exec-5] com.stylematch.service.UserService       : Language preference updated for user: littleritmix@gmail.com -> uk
2026-03-25T02:48:28.449+01:00 DEBUG 56257 --- [StyleMatch] [nio-8080-exec-7] com.stylematch.service.UserService       : UserDetailsService: loading user by email: littleritmix@gmail.com
Hibernate: 
    select
        u1_0.id,
        u1_0.age,
        u1_0.email,
        u1_0.gender,
        u1_0.height,
        u1_0.name,
        u1_0.password,
        u1_0.preferred_language,
        u1_0.role,
        u1_0.weight 
    from
        users u1_0 
    where
        u1_0.email=?
2026-03-25T02:48:28.459+01:00  INFO 56257 --- [StyleMatch] [nio-8080-exec-7] c.s.controller.AnalysisController        : [PERF] POST /api/analysis/test — user=littleritmix@gmail.com
2026-03-25T02:48:28.460+01:00  INFO 56257 --- [StyleMatch] [nio-8080-exec-7] c.s.controller.AnalysisController        : Incoming TestAnalysisRequest: com.stylematch.dto.TestAnalysisRequest@765f155c
2026-03-25T02:48:28.460+01:00  INFO 56257 --- [StyleMatch] [nio-8080-exec-7] com.stylematch.service.AnalysisService   : [PERF] analyzeTest start — user=littleritmix@gmail.com, answers=5
2026-03-25T02:48:28.460+01:00  INFO 56257 --- [StyleMatch] [nio-8080-exec-7] com.stylematch.service.AIService         : API Key is 'demo', returning mock AI result for COLOR_TYPE
Hibernate: 
    insert 
    into
        analysis_results
        (color_type, contrast_level, created_at, input_type, raw_data, undertone, user_id, id) 
    values
        (?, ?, ?, ?, ?, ?, ?, ?)
Hibernate: 
    insert 
    into
        analysis_answers
        (analysis_id, answer_value, question_id, id) 
    values
        (?, ?, ?, ?)
Hibernate: 
    insert 
    into
        analysis_answers
        (analysis_id, answer_value, question_id, id) 
    values
        (?, ?, ?, ?)
Hibernate: 
    insert 
    into
        analysis_answers
        (analysis_id, answer_value, question_id, id) 
    values
        (?, ?, ?, ?)
Hibernate: 
    insert 
    into
        analysis_answers
        (analysis_id, answer_value, question_id, id) 
    values
        (?, ?, ?, ?)
Hibernate: 
    insert 
    into
        analysis_answers
        (analysis_id, answer_value, question_id, id) 
    values
        (?, ?, ?, ?)
Hibernate: 
    insert 
    into
        test_results
        (created_at, metadata, result, test_type, user_id) 
    values
        (?, ?, ?, ?, ?)
2026-03-25T02:48:28.468+01:00  INFO 56257 --- [StyleMatch] [nio-8080-exec-7] com.stylematch.service.AnalysisService   : [PERF] Analysis completed for user=littleritmix@gmail.com (Total time: 8ms)
2026-03-25T02:48:28.470+01:00  INFO 56257 --- [StyleMatch] [nio-8080-exec-7] c.s.controller.AnalysisController        : [PERF] POST /api/analysis/test total=11ms
2026-03-25T02:48:54.180+01:00 DEBUG 56257 --- [StyleMatch] [io-8080-exec-10] com.stylematch.service.UserService       : UserDetailsService: loading user by email: littleritmix@gmail.com
Hibernate: 
    select
        u1_0.id,
        u1_0.age,
        u1_0.email,
        u1_0.gender,
        u1_0.height,
        u1_0.name,
        u1_0.password,
        u1_0.preferred_language,
        u1_0.role,
        u1_0.weight 
    from
        users u1_0 
    where
        u1_0.email=?
2026-03-25T02:48:54.189+01:00  INFO 56257 --- [StyleMatch] [io-8080-exec-10] c.stylematch.controller.UserController   : GET /api/users/me called by littleritmix@gmail.com
Hibernate: 
    select
        u1_0.id,
        u1_0.age,
        u1_0.email,
        u1_0.gender,
        u1_0.height,
        u1_0.name,
        u1_0.password,
        u1_0.preferred_language,
        u1_0.role,
        u1_0.weight 
    from
        users u1_0 
    where
        u1_0.email=?
2026-03-25T02:48:54.205+01:00 DEBUG 56257 --- [StyleMatch] [nio-8080-exec-1] com.stylematch.service.UserService       : UserDetailsService: loading user by email: littleritmix@gmail.com
Hibernate: 
    select
        u1_0.id,
        u1_0.age,
        u1_0.email,
        u1_0.gender,
        u1_0.height,
        u1_0.name,
        u1_0.password,
        u1_0.preferred_language,
        u1_0.role,
        u1_0.weight 
    from
        users u1_0 
    where
        u1_0.email=?
2026-03-25T02:48:54.210+01:00  INFO 56257 --- [StyleMatch] [nio-8080-exec-1] c.stylematch.controller.UserController   : GET /api/users/me called by littleritmix@gmail.com
Hibernate: 
    select
        u1_0.id,
        u1_0.age,
        u1_0.email,
        u1_0.gender,
        u1_0.height,
        u1_0.name,
        u1_0.password,
        u1_0.preferred_language,
        u1_0.role,
        u1_0.weight 
    from
        users u1_0 
    where
        u1_0.email=?
2026-03-25T02:48:54.212+01:00 DEBUG 56257 --- [StyleMatch] [nio-8080-exec-3] com.stylematch.service.UserService       : UserDetailsService: loading user by email: littleritmix@gmail.com
Hibernate: 
    select
        u1_0.id,
        u1_0.age,
        u1_0.email,
        u1_0.gender,
        u1_0.height,
        u1_0.name,
        u1_0.password,
        u1_0.preferred_language,
        u1_0.role,
        u1_0.weight 
    from
        users u1_0 
    where
        u1_0.email=?
Hibernate: 
    select
        tr1_0.id,
        tr1_0.created_at,
        tr1_0.metadata,
        tr1_0.result,
        tr1_0.test_type,
        tr1_0.user_id 
    from
        test_results tr1_0 
    where
        tr1_0.user_id=? 
    order by
        tr1_0.created_at desc
2026-03-25T02:48:54.240+01:00 DEBUG 56257 --- [StyleMatch] [nio-8080-exec-4] com.stylematch.service.UserService       : UserDetailsService: loading user by email: littleritmix@gmail.com
Hibernate: 
    select
        u1_0.id,
        u1_0.age,
        u1_0.email,
        u1_0.gender,
        u1_0.height,
        u1_0.name,
        u1_0.password,
        u1_0.preferred_language,
        u1_0.role,
        u1_0.weight 
    from
        users u1_0 
    where
        u1_0.email=?
Hibernate: 
    select
        tr1_0.id,
        tr1_0.created_at,
        tr1_0.metadata,
        tr1_0.result,
        tr1_0.test_type,
        tr1_0.user_id 
    from
        test_results tr1_0 
    where
        tr1_0.user_id=? 
    order by
        tr1_0.created_at desc
2026-03-25T02:48:56.750+01:00 DEBUG 56257 --- [StyleMatch] [nio-8080-exec-6] com.stylematch.service.UserService       : UserDetailsService: loading user by email: littleritmix@gmail.com
Hibernate: 
    select
        u1_0.id,
        u1_0.age,
        u1_0.email,
        u1_0.gender,
        u1_0.height,
        u1_0.name,
        u1_0.password,
        u1_0.preferred_language,
        u1_0.role,
        u1_0.weight 
    from
        users u1_0 
    where
        u1_0.email=?
Hibernate: 
    select
        tr1_0.id,
        tr1_0.created_at,
        tr1_0.metadata,
        tr1_0.result,
        tr1_0.test_type,
        tr1_0.user_id 
    from
        test_results tr1_0 
    where
        tr1_0.user_id=?
2026-03-25T02:48:56.766+01:00  INFO 56257 --- [StyleMatch] [nio-8080-exec-6] c.stylematch.service.TestResultService   : Deleted all test results for user: littleritmix@gmail.com
Hibernate: 
    delete 
    from
        test_results 
    where
        id=?
Hibernate: 
    delete 
    from
        test_results 
    where
        id=?
2026-03-25T02:49:11.346+01:00 DEBUG 56257 --- [StyleMatch] [nio-8080-exec-8] com.stylematch.service.UserService       : UserDetailsService: loading user by email: littleritmix@gmail.com
Hibernate: 
    select
        u1_0.id,
        u1_0.age,
        u1_0.email,
        u1_0.gender,
        u1_0.height,
        u1_0.name,
        u1_0.password,
        u1_0.preferred_language,
        u1_0.role,
        u1_0.weight 
    from
        users u1_0 
    where
        u1_0.email=?
2026-03-25T02:49:11.353+01:00  INFO 56257 --- [StyleMatch] [nio-8080-exec-8] c.s.controller.AnalysisController        : [PERF] POST /api/analysis/test — user=littleritmix@gmail.com
2026-03-25T02:49:11.353+01:00  INFO 56257 --- [StyleMatch] [nio-8080-exec-8] c.s.controller.AnalysisController        : Incoming TestAnalysisRequest: com.stylematch.dto.TestAnalysisRequest@44c0d3bc
2026-03-25T02:49:11.353+01:00  INFO 56257 --- [StyleMatch] [nio-8080-exec-8] com.stylematch.service.AnalysisService   : [PERF] analyzeTest start — user=littleritmix@gmail.com, answers=5
2026-03-25T02:49:11.353+01:00  INFO 56257 --- [StyleMatch] [nio-8080-exec-8] com.stylematch.service.AIService         : API Key is 'demo', returning mock AI result for COLOR_TYPE
Hibernate: 
    insert 
    into
        analysis_results
        (color_type, contrast_level, created_at, input_type, raw_data, undertone, user_id, id) 
    values
        (?, ?, ?, ?, ?, ?, ?, ?)
Hibernate: 
    insert 
    into
        analysis_answers
        (analysis_id, answer_value, question_id, id) 
    values
        (?, ?, ?, ?)
Hibernate: 
    insert 
    into
        analysis_answers
        (analysis_id, answer_value, question_id, id) 
    values
        (?, ?, ?, ?)
Hibernate: 
    insert 
    into
        analysis_answers
        (analysis_id, answer_value, question_id, id) 
    values
        (?, ?, ?, ?)
Hibernate: 
    insert 
    into
        analysis_answers
        (analysis_id, answer_value, question_id, id) 
    values
        (?, ?, ?, ?)
Hibernate: 
    insert 
    into
        analysis_answers
        (analysis_id, answer_value, question_id, id) 
    values
        (?, ?, ?, ?)
Hibernate: 
    insert 
    into
        test_results
        (created_at, metadata, result, test_type, user_id) 
    values
        (?, ?, ?, ?, ?)
2026-03-25T02:49:11.363+01:00  INFO 56257 --- [StyleMatch] [nio-8080-exec-8] com.stylematch.service.AnalysisService   : [PERF] Analysis completed for user=littleritmix@gmail.com (Total time: 10ms)
2026-03-25T02:49:11.365+01:00  INFO 56257 --- [StyleMatch] [nio-8080-exec-8] c.s.controller.AnalysisController        : [PERF] POST /api/analysis/test total=12ms
2026-03-25T02:49:45.225+01:00 DEBUG 56257 --- [StyleMatch] [io-8080-exec-10] com.stylematch.service.UserService       : UserDetailsService: loading user by email: littleritmix@gmail.com
Hibernate: 
    select
        u1_0.id,
        u1_0.age,
        u1_0.email,
        u1_0.gender,
        u1_0.height,
        u1_0.name,
        u1_0.password,
        u1_0.preferred_language,
        u1_0.role,
        u1_0.weight 
    from
        users u1_0 
    where
        u1_0.email=?
2026-03-25T02:49:45.260+01:00  INFO 56257 --- [StyleMatch] [io-8080-exec-10] c.s.service.BodyShapeAnalysisService     : Analyzing body shape for user: littleritmix@gmail.com
2026-03-25T02:49:45.260+01:00  INFO 56257 --- [StyleMatch] [io-8080-exec-10] com.stylematch.service.AIService         : API Key is 'demo', returning mock AI result for BODY_SHAPE
Hibernate: 
    insert 
    into
        test_results
        (created_at, metadata, result, test_type, user_id) 
    values
        (?, ?, ?, ?, ?)
2026-03-25T02:49:45.264+01:00  INFO 56257 --- [StyleMatch] [io-8080-exec-10] c.s.service.BodyShapeAnalysisService     : [PERF] body shape analysis done — INVERTED_TRIANGLE (4ms)
2026-03-25T02:53:00.485+01:00 DEBUG 56257 --- [StyleMatch] [nio-8080-exec-4] com.stylematch.service.UserService       : UserDetailsService: loading user by email: littleritmix@gmail.com
Hibernate: 
    select
        u1_0.id,
        u1_0.age,
        u1_0.email,
        u1_0.gender,
        u1_0.height,
        u1_0.name,
        u1_0.password,
        u1_0.preferred_language,
        u1_0.role,
        u1_0.weight 
    from
        users u1_0 
    where
        u1_0.email=?
2026-03-25T02:53:00.510+01:00  INFO 56257 --- [StyleMatch] [nio-8080-exec-4] c.s.controller.AnalysisController        : [PERF] POST /api/analysis/test — user=littleritmix@gmail.com
2026-03-25T02:53:00.510+01:00  INFO 56257 --- [StyleMatch] [nio-8080-exec-4] c.s.controller.AnalysisController        : Incoming TestAnalysisRequest: com.stylematch.dto.TestAnalysisRequest@6b8669f2
2026-03-25T02:53:00.511+01:00  INFO 56257 --- [StyleMatch] [nio-8080-exec-4] com.stylematch.service.AnalysisService   : [PERF] analyzeTest start — user=littleritmix@gmail.com, answers=5
2026-03-25T02:53:00.511+01:00  INFO 56257 --- [StyleMatch] [nio-8080-exec-4] com.stylematch.service.AIService         : API Key is 'demo', returning mock AI result for COLOR_TYPE
Hibernate: 
    insert 
    into
        analysis_results
        (color_type, contrast_level, created_at, input_type, raw_data, undertone, user_id, id) 
    values
        (?, ?, ?, ?, ?, ?, ?, ?)
Hibernate: 
    insert 
    into
        analysis_answers
        (analysis_id, answer_value, question_id, id) 
    values
        (?, ?, ?, ?)
Hibernate: 
    insert 
    into
        analysis_answers
        (analysis_id, answer_value, question_id, id) 
    values
        (?, ?, ?, ?)
Hibernate: 
    insert 
    into
        analysis_answers
        (analysis_id, answer_value, question_id, id) 
    values
        (?, ?, ?, ?)
Hibernate: 
    insert 
    into
        analysis_answers
        (analysis_id, answer_value, question_id, id) 
    values
        (?, ?, ?, ?)
Hibernate: 
    insert 
    into
        analysis_answers
        (analysis_id, answer_value, question_id, id) 
    values
        (?, ?, ?, ?)
Hibernate: 
    insert 
    into
        test_results
        (created_at, metadata, result, test_type, user_id) 
    values
        (?, ?, ?, ?, ?)
2026-03-25T02:53:00.523+01:00  INFO 56257 --- [StyleMatch] [nio-8080-exec-4] com.stylematch.service.AnalysisService   : [PERF] Analysis completed for user=littleritmix@gmail.com (Total time: 12ms)
2026-03-25T02:53:00.525+01:00  INFO 56257 --- [StyleMatch] [nio-8080-exec-4] c.s.controller.AnalysisController        : [PERF] POST /api/analysis/test total=15ms
2026-03-25T02:58:10.420+01:00 DEBUG 56257 --- [StyleMatch] [nio-8080-exec-7] com.stylematch.service.UserService       : UserDetailsService: loading user by email: littleritmix@gmail.com
Hibernate: 
    select
        u1_0.id,
        u1_0.age,
        u1_0.email,
        u1_0.gender,
        u1_0.height,
        u1_0.name,
        u1_0.password,
        u1_0.preferred_language,
        u1_0.role,
        u1_0.weight 
    from
        users u1_0 
    where
        u1_0.email=?
2026-03-25T02:58:10.442+01:00  INFO 56257 --- [StyleMatch] [nio-8080-exec-7] c.s.service.BodyShapeAnalysisService     : Analyzing body shape for user: littleritmix@gmail.com
2026-03-25T02:58:10.443+01:00  INFO 56257 --- [StyleMatch] [nio-8080-exec-7] com.stylematch.service.AIService         : API Key is 'demo', returning mock AI result for BODY_SHAPE
Hibernate: 
    insert 
    into
        test_results
        (created_at, metadata, result, test_type, user_id) 
    values
        (?, ?, ?, ?, ?)
2026-03-25T02:58:10.451+01:00  INFO 56257 --- [StyleMatch] [nio-8080-exec-7] c.s.service.BodyShapeAnalysisService     : [PERF] body shape analysis done — INVERTED_TRIANGLE (9ms)
2026-03-25T02:58:41.662+01:00 DEBUG 56257 --- [StyleMatch] [io-8080-exec-10] com.stylematch.service.UserService       : UserDetailsService: loading user by email: littleritmix@gmail.com
Hibernate: 
    select
        u1_0.id,
        u1_0.age,
        u1_0.email,
        u1_0.gender,
        u1_0.height,
        u1_0.name,
        u1_0.password,
        u1_0.preferred_language,
        u1_0.role,
        u1_0.weight 
    from
        users u1_0 
    where
        u1_0.email=?
2026-03-25T02:58:41.677+01:00  INFO 56257 --- [StyleMatch] [io-8080-exec-10] c.stylematch.controller.UserController   : GET /api/users/me called by littleritmix@gmail.com
Hibernate: 
    select
        u1_0.id,
        u1_0.age,
        u1_0.email,
        u1_0.gender,
        u1_0.height,
        u1_0.name,
        u1_0.password,
        u1_0.preferred_language,
        u1_0.role,
        u1_0.weight 
    from
        users u1_0 
    where
        u1_0.email=?
2026-03-25T02:58:41.685+01:00 DEBUG 56257 --- [StyleMatch] [nio-8080-exec-2] com.stylematch.service.UserService       : UserDetailsService: loading user by email: littleritmix@gmail.com
Hibernate: 
    select
        u1_0.id,
        u1_0.age,
        u1_0.email,
        u1_0.gender,
        u1_0.height,
        u1_0.name,
        u1_0.password,
        u1_0.preferred_language,
        u1_0.role,
        u1_0.weight 
    from
        users u1_0 
    where
        u1_0.email=?
2026-03-25T02:58:41.690+01:00 DEBUG 56257 --- [StyleMatch] [nio-8080-exec-3] com.stylematch.service.UserService       : UserDetailsService: loading user by email: littleritmix@gmail.com
2026-03-25T02:58:41.691+01:00  INFO 56257 --- [StyleMatch] [nio-8080-exec-2] c.stylematch.controller.UserController   : GET /api/users/me called by littleritmix@gmail.com
Hibernate: 
    select
        u1_0.id,
        u1_0.age,
        u1_0.email,
        u1_0.gender,
        u1_0.height,
        u1_0.name,
        u1_0.password,
        u1_0.preferred_language,
        u1_0.role,
        u1_0.weight 
    from
        users u1_0 
    where
        u1_0.email=?
Hibernate: 
    select
        u1_0.id,
        u1_0.age,
        u1_0.email,
        u1_0.gender,
        u1_0.height,
        u1_0.name,
        u1_0.password,
        u1_0.preferred_language,
        u1_0.role,
        u1_0.weight 
    from
        users u1_0 
    where
        u1_0.email=?
Hibernate: 
    select
        tr1_0.id,
        tr1_0.created_at,
        tr1_0.metadata,
        tr1_0.result,
        tr1_0.test_type,
        tr1_0.user_id 
    from
        test_results tr1_0 
    where
        tr1_0.user_id=? 
    order by
        tr1_0.created_at desc
2026-03-25T02:58:41.707+01:00 DEBUG 56257 --- [StyleMatch] [nio-8080-exec-4] com.stylematch.service.UserService       : UserDetailsService: loading user by email: littleritmix@gmail.com
Hibernate: 
    select
        u1_0.id,
        u1_0.age,
        u1_0.email,
        u1_0.gender,
        u1_0.height,
        u1_0.name,
        u1_0.password,
        u1_0.preferred_language,
        u1_0.role,
        u1_0.weight 
    from
        users u1_0 
    where
        u1_0.email=?
Hibernate: 
    select
        tr1_0.id,
        tr1_0.created_at,
        tr1_0.metadata,
        tr1_0.result,
        tr1_0.test_type,
        tr1_0.user_id 
    from
        test_results tr1_0 
    where
        tr1_0.user_id=? 
    order by
        tr1_0.created_at desc
2026-03-25T03:01:07.995+01:00 DEBUG 56257 --- [StyleMatch] [nio-8080-exec-8] com.stylematch.service.UserService       : UserDetailsService: loading user by email: littleritmix@gmail.com
Hibernate: 
    select
        u1_0.id,
        u1_0.age,
        u1_0.email,
        u1_0.gender,
        u1_0.height,
        u1_0.name,
        u1_0.password,
        u1_0.preferred_language,
        u1_0.role,
        u1_0.weight 
    from
        users u1_0 
    where
        u1_0.email=?
Hibernate: 
    select
        u1_0.id,
        u1_0.age,
        u1_0.email,
        u1_0.gender,
        u1_0.height,
        u1_0.name,
        u1_0.password,
        u1_0.preferred_language,
        u1_0.role,
        u1_0.weight,
        tr1_0.user_id,
        tr1_0.id,
        tr1_0.created_at,
        tr1_0.metadata,
        tr1_0.result,
        tr1_0.test_type 
    from
        users u1_0 
    left join
        test_results tr1_0 
            on u1_0.id=tr1_0.user_id 
    where
        u1_0.id=?
Hibernate: 
    update
        users 
    set
        age=?,
        email=?,
        gender=?,
        height=?,
        name=?,
        password=?,
        preferred_language=?,
        role=?,
        weight=? 
    where
        id=?
2026-03-25T03:01:08.025+01:00  INFO 56257 --- [StyleMatch] [nio-8080-exec-8] com.stylematch.service.UserService       : Language preference updated for user: littleritmix@gmail.com -> en
2026-03-25T03:04:13.977+01:00 DEBUG 56257 --- [StyleMatch] [nio-8080-exec-1] com.stylematch.service.UserService       : UserDetailsService: loading user by email: littleritmix@gmail.com
Hibernate: 
    select
        u1_0.id,
        u1_0.age,
        u1_0.email,
        u1_0.gender,
        u1_0.height,
        u1_0.name,
        u1_0.password,
        u1_0.preferred_language,
        u1_0.role,
        u1_0.weight 
    from
        users u1_0 
    where
        u1_0.email=?
Hibernate: 
    select
        tr1_0.id,
        tr1_0.created_at,
        tr1_0.metadata,
        tr1_0.result,
        tr1_0.test_type,
        tr1_0.user_id 
    from
        test_results tr1_0 
    where
        tr1_0.user_id=?
2026-03-25T03:04:14.003+01:00  INFO 56257 --- [StyleMatch] [nio-8080-exec-1] c.stylematch.service.TestResultService   : Deleted all test results for user: littleritmix@gmail.com
Hibernate: 
    delete 
    from
        test_results 
    where
        id=?
Hibernate: 
    delete 
    from
        test_results 
    where
        id=?
Hibernate: 
    delete 
    from
        test_results 
    where
        id=?
Hibernate: 
    delete 
    from
        test_results 
    where
        id=?
2026-03-25T03:07:49.183+01:00 DEBUG 56257 --- [StyleMatch] [nio-8080-exec-4] com.stylematch.service.UserService       : UserDetailsService: loading user by email: littleritmix@gmail.com
Hibernate: 
    select
        u1_0.id,
        u1_0.age,
        u1_0.email,
        u1_0.gender,
        u1_0.height,
        u1_0.name,
        u1_0.password,
        u1_0.preferred_language,
        u1_0.role,
        u1_0.weight 
    from
        users u1_0 
    where
        u1_0.email=?
2026-03-25T03:07:49.196+01:00  INFO 56257 --- [StyleMatch] [nio-8080-exec-4] c.s.controller.AnalysisController        : [PERF] POST /api/analysis/test — user=littleritmix@gmail.com
2026-03-25T03:07:49.196+01:00  INFO 56257 --- [StyleMatch] [nio-8080-exec-4] c.s.controller.AnalysisController        : Incoming TestAnalysisRequest: com.stylematch.dto.TestAnalysisRequest@5d1d7e73
2026-03-25T03:07:49.197+01:00  INFO 56257 --- [StyleMatch] [nio-8080-exec-4] com.stylematch.service.AnalysisService   : [PERF] analyzeTest start — user=littleritmix@gmail.com, answers=5
2026-03-25T03:07:49.197+01:00  INFO 56257 --- [StyleMatch] [nio-8080-exec-4] com.stylematch.service.AIService         : API Key is 'demo', returning mock AI result for COLOR_TYPE
Hibernate: 
    insert 
    into
        analysis_results
        (color_type, contrast_level, created_at, input_type, raw_data, undertone, user_id, id) 
    values
        (?, ?, ?, ?, ?, ?, ?, ?)
Hibernate: 
    insert 
    into
        analysis_answers
        (analysis_id, answer_value, question_id, id) 
    values
        (?, ?, ?, ?)
Hibernate: 
    insert 
    into
        analysis_answers
        (analysis_id, answer_value, question_id, id) 
    values
        (?, ?, ?, ?)
Hibernate: 
    insert 
    into
        analysis_answers
        (analysis_id, answer_value, question_id, id) 
    values
        (?, ?, ?, ?)
Hibernate: 
    insert 
    into
        analysis_answers
        (analysis_id, answer_value, question_id, id) 
    values
        (?, ?, ?, ?)
Hibernate: 
    insert 
    into
        analysis_answers
        (analysis_id, answer_value, question_id, id) 
    values
        (?, ?, ?, ?)
Hibernate: 
    insert 
    into
        test_results
        (created_at, metadata, result, test_type, user_id) 
    values
        (?, ?, ?, ?, ?)
2026-03-25T03:07:49.207+01:00  INFO 56257 --- [StyleMatch] [nio-8080-exec-4] com.stylematch.service.AnalysisService   : [PERF] Analysis completed for user=littleritmix@gmail.com (Total time: 10ms)
2026-03-25T03:07:49.210+01:00  INFO 56257 --- [StyleMatch] [nio-8080-exec-4] c.s.controller.AnalysisController        : [PERF] POST /api/analysis/test total=14ms
2026-03-25T03:09:09.839+01:00 DEBUG 56257 --- [StyleMatch] [nio-8080-exec-7] com.stylematch.service.UserService       : UserDetailsService: loading user by email: littleritmix@gmail.com
Hibernate: 
    select
        u1_0.id,
        u1_0.age,
        u1_0.email,
        u1_0.gender,
        u1_0.height,
        u1_0.name,
        u1_0.password,
        u1_0.preferred_language,
        u1_0.role,
        u1_0.weight 
    from
        users u1_0 
    where
        u1_0.email=?
2026-03-25T03:09:09.848+01:00  INFO 56257 --- [StyleMatch] [nio-8080-exec-7] c.s.controller.AnalysisController        : [PERF] POST /api/analysis/test — user=littleritmix@gmail.com
2026-03-25T03:09:09.848+01:00  INFO 56257 --- [StyleMatch] [nio-8080-exec-7] c.s.controller.AnalysisController        : Incoming TestAnalysisRequest: com.stylematch.dto.TestAnalysisRequest@71243eb
2026-03-25T03:09:09.849+01:00  INFO 56257 --- [StyleMatch] [nio-8080-exec-7] com.stylematch.service.AnalysisService   : [PERF] analyzeTest start — user=littleritmix@gmail.com, answers=5
2026-03-25T03:09:09.849+01:00  INFO 56257 --- [StyleMatch] [nio-8080-exec-7] com.stylematch.service.AIService         : API Key is 'demo', returning mock AI result for COLOR_TYPE
Hibernate: 
    insert 
    into
        analysis_results
        (color_type, contrast_level, created_at, input_type, raw_data, undertone, user_id, id) 
    values
        (?, ?, ?, ?, ?, ?, ?, ?)
Hibernate: 
    insert 
    into
        analysis_answers
        (analysis_id, answer_value, question_id, id) 
    values
        (?, ?, ?, ?)
Hibernate: 
    insert 
    into
        analysis_answers
        (analysis_id, answer_value, question_id, id) 
    values
        (?, ?, ?, ?)
Hibernate: 
    insert 
    into
        analysis_answers
        (analysis_id, answer_value, question_id, id) 
    values
        (?, ?, ?, ?)
Hibernate: 
    insert 
    into
        analysis_answers
        (analysis_id, answer_value, question_id, id) 
    values
        (?, ?, ?, ?)
Hibernate: 
    insert 
    into
        analysis_answers
        (analysis_id, answer_value, question_id, id) 
    values
        (?, ?, ?, ?)
Hibernate: 
    insert 
    into
        test_results
        (created_at, metadata, result, test_type, user_id) 
    values
        (?, ?, ?, ?, ?)
2026-03-25T03:09:09.857+01:00  INFO 56257 --- [StyleMatch] [nio-8080-exec-7] com.stylematch.service.AnalysisService   : [PERF] Analysis completed for user=littleritmix@gmail.com (Total time: 8ms)
2026-03-25T03:09:09.860+01:00  INFO 56257 --- [StyleMatch] [nio-8080-exec-7] c.s.controller.AnalysisController        : [PERF] POST /api/analysis/test total=12ms
2026-03-25T03:09:51.618+01:00 DEBUG 56257 --- [StyleMatch] [io-8080-exec-10] com.stylematch.service.UserService       : UserDetailsService: loading user by email: littleritmix@gmail.com
Hibernate: 
    select
        u1_0.id,
        u1_0.age,
        u1_0.email,
        u1_0.gender,
        u1_0.height,
        u1_0.name,
        u1_0.password,
        u1_0.preferred_language,
        u1_0.role,
        u1_0.weight 
    from
        users u1_0 
    where
        u1_0.email=?
2026-03-25T03:09:51.622+01:00  INFO 56257 --- [StyleMatch] [io-8080-exec-10] c.stylematch.controller.UserController   : GET /api/users/me called by littleritmix@gmail.com
Hibernate: 
    select
        u1_0.id,
        u1_0.age,
        u1_0.email,
        u1_0.gender,
        u1_0.height,
        u1_0.name,
        u1_0.password,
        u1_0.preferred_language,
        u1_0.role,
        u1_0.weight 
    from
        users u1_0 
    where
        u1_0.email=?
2026-03-25T03:09:51.626+01:00 DEBUG 56257 --- [StyleMatch] [io-8080-exec-10] com.stylematch.service.UserService       : UserDetailsService: loading user by email: littleritmix@gmail.com
Hibernate: 
    select
        u1_0.id,
        u1_0.age,
        u1_0.email,
        u1_0.gender,
        u1_0.height,
        u1_0.name,
        u1_0.password,
        u1_0.preferred_language,
        u1_0.role,
        u1_0.weight 
    from
        users u1_0 
    where
        u1_0.email=?
2026-03-25T03:09:51.628+01:00 DEBUG 56257 --- [StyleMatch] [nio-8080-exec-3] com.stylematch.service.UserService       : UserDetailsService: loading user by email: littleritmix@gmail.com
Hibernate: 
    select
        u1_0.id,
        u1_0.age,
        u1_0.email,
        u1_0.gender,
        u1_0.height,
        u1_0.name,
        u1_0.password,
        u1_0.preferred_language,
        u1_0.role,
        u1_0.weight 
    from
        users u1_0 
    where
        u1_0.email=?
2026-03-25T03:09:51.629+01:00  INFO 56257 --- [StyleMatch] [io-8080-exec-10] c.stylematch.controller.UserController   : GET /api/users/me called by littleritmix@gmail.com
Hibernate: 
    select
        u1_0.id,
        u1_0.age,
        u1_0.email,
        u1_0.gender,
        u1_0.height,
        u1_0.name,
        u1_0.password,
        u1_0.preferred_language,
        u1_0.role,
        u1_0.weight 
    from
        users u1_0 
    where
        u1_0.email=?
Hibernate: 
    select
        tr1_0.id,
        tr1_0.created_at,
        tr1_0.metadata,
        tr1_0.result,
        tr1_0.test_type,
        tr1_0.user_id 
    from
        test_results tr1_0 
    where
        tr1_0.user_id=? 
    order by
        tr1_0.created_at desc
2026-03-25T03:09:51.637+01:00 DEBUG 56257 --- [StyleMatch] [nio-8080-exec-4] com.stylematch.service.UserService       : UserDetailsService: loading user by email: littleritmix@gmail.com
Hibernate: 
    select
        u1_0.id,
        u1_0.age,
        u1_0.email,
        u1_0.gender,
        u1_0.height,
        u1_0.name,
        u1_0.password,
        u1_0.preferred_language,
        u1_0.role,
        u1_0.weight 
    from
        users u1_0 
    where
        u1_0.email=?
Hibernate: 
    select
        tr1_0.id,
        tr1_0.created_at,
        tr1_0.metadata,
        tr1_0.result,
        tr1_0.test_type,
        tr1_0.user_id 
    from
        test_results tr1_0 
    where
        tr1_0.user_id=? 
    order by
        tr1_0.created_at desc
2026-03-25T03:09:54.658+01:00 DEBUG 56257 --- [StyleMatch] [nio-8080-exec-5] com.stylematch.service.UserService       : UserDetailsService: loading user by email: littleritmix@gmail.com
Hibernate: 
    select
        u1_0.id,
        u1_0.age,
        u1_0.email,
        u1_0.gender,
        u1_0.height,
        u1_0.name,
        u1_0.password,
        u1_0.preferred_language,
        u1_0.role,
        u1_0.weight 
    from
        users u1_0 
    where
        u1_0.email=?
Hibernate: 
    select
        tr1_0.id,
        tr1_0.created_at,
        tr1_0.metadata,
        tr1_0.result,
        tr1_0.test_type,
        tr1_0.user_id 
    from
        test_results tr1_0 
    where
        tr1_0.user_id=?
2026-03-25T03:09:54.670+01:00  INFO 56257 --- [StyleMatch] [nio-8080-exec-5] c.stylematch.service.TestResultService   : Deleted all test results for user: littleritmix@gmail.com
Hibernate: 
    delete 
    from
        test_results 
    where
        id=?
Hibernate: 
    delete 
    from
        test_results 
    where
        id=?
2026-03-25T03:12:29.054+01:00 DEBUG 56257 --- [StyleMatch] [nio-8080-exec-1] com.stylematch.service.UserService       : UserDetailsService: loading user by email: littleritmix@gmail.com
Hibernate: 
    select
        u1_0.id,
        u1_0.age,
        u1_0.email,
        u1_0.gender,
        u1_0.height,
        u1_0.name,
        u1_0.password,
        u1_0.preferred_language,
        u1_0.role,
        u1_0.weight 
    from
        users u1_0 
    where
        u1_0.email=?
2026-03-25T03:12:29.076+01:00  INFO 56257 --- [StyleMatch] [nio-8080-exec-1] c.s.controller.AnalysisController        : [PERF] POST /api/analysis/test — user=littleritmix@gmail.com
2026-03-25T03:12:29.076+01:00  INFO 56257 --- [StyleMatch] [nio-8080-exec-1] c.s.controller.AnalysisController        : Incoming TestAnalysisRequest: com.stylematch.dto.TestAnalysisRequest@26795ece
2026-03-25T03:12:29.076+01:00  INFO 56257 --- [StyleMatch] [nio-8080-exec-1] com.stylematch.service.AnalysisService   : [PERF] analyzeTest start — user=littleritmix@gmail.com, answers=5
2026-03-25T03:12:29.076+01:00  INFO 56257 --- [StyleMatch] [nio-8080-exec-1] com.stylematch.service.AIService         : API Key is 'demo', returning mock AI result for COLOR_TYPE
Hibernate: 
    insert 
    into
        analysis_results
        (color_type, contrast_level, created_at, input_type, raw_data, undertone, user_id, id) 
    values
        (?, ?, ?, ?, ?, ?, ?, ?)
Hibernate: 
    insert 
    into
        analysis_answers
        (analysis_id, answer_value, question_id, id) 
    values
        (?, ?, ?, ?)
Hibernate: 
    insert 
    into
        analysis_answers
        (analysis_id, answer_value, question_id, id) 
    values
        (?, ?, ?, ?)
Hibernate: 
    insert 
    into
        analysis_answers
        (analysis_id, answer_value, question_id, id) 
    values
        (?, ?, ?, ?)
Hibernate: 
    insert 
    into
        analysis_answers
        (analysis_id, answer_value, question_id, id) 
    values
        (?, ?, ?, ?)
Hibernate: 
    insert 
    into
        analysis_answers
        (analysis_id, answer_value, question_id, id) 
    values
        (?, ?, ?, ?)
Hibernate: 
    insert 
    into
        test_results
        (created_at, metadata, result, test_type, user_id) 
    values
        (?, ?, ?, ?, ?)
2026-03-25T03:12:29.088+01:00  INFO 56257 --- [StyleMatch] [nio-8080-exec-1] com.stylematch.service.AnalysisService   : [PERF] Analysis completed for user=littleritmix@gmail.com (Total time: 12ms)
2026-03-25T03:12:29.091+01:00  INFO 56257 --- [StyleMatch] [nio-8080-exec-1] c.s.controller.AnalysisController        : [PERF] POST /api/analysis/test total=15ms
2026-03-25T03:14:24.052+01:00 DEBUG 56257 --- [StyleMatch] [nio-8080-exec-3] com.stylematch.service.UserService       : UserDetailsService: loading user by email: littleritmix@gmail.com
Hibernate: 
    select
        u1_0.id,
        u1_0.age,
        u1_0.email,
        u1_0.gender,
        u1_0.height,
        u1_0.name,
        u1_0.password,
        u1_0.preferred_language,
        u1_0.role,
        u1_0.weight 
    from
        users u1_0 
    where
        u1_0.email=?
2026-03-25T03:14:24.082+01:00  INFO 56257 --- [StyleMatch] [nio-8080-exec-3] c.s.controller.AnalysisController        : [PERF] POST /api/analysis/test — user=littleritmix@gmail.com
2026-03-25T03:14:24.083+01:00  INFO 56257 --- [StyleMatch] [nio-8080-exec-3] c.s.controller.AnalysisController        : Incoming TestAnalysisRequest: com.stylematch.dto.TestAnalysisRequest@2851322f
2026-03-25T03:14:24.084+01:00  INFO 56257 --- [StyleMatch] [nio-8080-exec-3] com.stylematch.service.AnalysisService   : [PERF] analyzeTest start — user=littleritmix@gmail.com, answers=5
2026-03-25T03:14:24.084+01:00  INFO 56257 --- [StyleMatch] [nio-8080-exec-3] com.stylematch.service.AIService         : API Key is 'demo', returning mock AI result for COLOR_TYPE
Hibernate: 
    insert 
    into
        analysis_results
        (color_type, contrast_level, created_at, input_type, raw_data, undertone, user_id, id) 
    values
        (?, ?, ?, ?, ?, ?, ?, ?)
Hibernate: 
    insert 
    into
        analysis_answers
        (analysis_id, answer_value, question_id, id) 
    values
        (?, ?, ?, ?)
Hibernate: 
    insert 
    into
        analysis_answers
        (analysis_id, answer_value, question_id, id) 
    values
        (?, ?, ?, ?)
Hibernate: 
    insert 
    into
        analysis_answers
        (analysis_id, answer_value, question_id, id) 
    values
        (?, ?, ?, ?)
Hibernate: 
    insert 
    into
        analysis_answers
        (analysis_id, answer_value, question_id, id) 
    values
        (?, ?, ?, ?)
Hibernate: 
    insert 
    into
        analysis_answers
        (analysis_id, answer_value, question_id, id) 
    values
        (?, ?, ?, ?)
Hibernate: 
    insert 
    into
        test_results
        (created_at, metadata, result, test_type, user_id) 
    values
        (?, ?, ?, ?, ?)
2026-03-25T03:14:24.098+01:00  INFO 56257 --- [StyleMatch] [nio-8080-exec-3] com.stylematch.service.AnalysisService   : [PERF] Analysis completed for user=littleritmix@gmail.com (Total time: 14ms)
2026-03-25T03:14:24.101+01:00  INFO 56257 --- [StyleMatch] [nio-8080-exec-3] c.s.controller.AnalysisController        : [PERF] POST /api/analysis/test total=19ms
2026-03-25T03:17:30.841+01:00 DEBUG 56257 --- [StyleMatch] [nio-8080-exec-5] com.stylematch.service.UserService       : UserDetailsService: loading user by email: littleritmix@gmail.com
Hibernate: 
    select
        u1_0.id,
        u1_0.age,
        u1_0.email,
        u1_0.gender,
        u1_0.height,
        u1_0.name,
        u1_0.password,
        u1_0.preferred_language,
        u1_0.role,
        u1_0.weight 
    from
        users u1_0 
    where
        u1_0.email=?
2026-03-25T03:17:30.864+01:00  INFO 56257 --- [StyleMatch] [nio-8080-exec-5] c.s.service.BodyShapeAnalysisService     : Analyzing body shape for user: littleritmix@gmail.com
2026-03-25T03:17:30.865+01:00  INFO 56257 --- [StyleMatch] [nio-8080-exec-5] com.stylematch.service.AIService         : API Key is 'demo', returning mock AI result for BODY_SHAPE
Hibernate: 
    insert 
    into
        test_results
        (created_at, metadata, result, test_type, user_id) 
    values
        (?, ?, ?, ?, ?)
2026-03-25T03:17:30.868+01:00  INFO 56257 --- [StyleMatch] [nio-8080-exec-5] c.s.service.BodyShapeAnalysisService     : [PERF] body shape analysis done — INVERTED_TRIANGLE (4ms)
2026-03-25T03:19:46.977+01:00 DEBUG 56257 --- [StyleMatch] [nio-8080-exec-9] com.stylematch.service.UserService       : UserDetailsService: loading user by email: littleritmix@gmail.com
Hibernate: 
    select
        u1_0.id,
        u1_0.age,
        u1_0.email,
        u1_0.gender,
        u1_0.height,
        u1_0.name,
        u1_0.password,
        u1_0.preferred_language,
        u1_0.role,
        u1_0.weight 
    from
        users u1_0 
    where
        u1_0.email=?
2026-03-25T03:19:46.994+01:00  INFO 56257 --- [StyleMatch] [nio-8080-exec-9] c.s.service.BodyShapeAnalysisService     : Analyzing body shape for user: littleritmix@gmail.com
2026-03-25T03:19:46.994+01:00  INFO 56257 --- [StyleMatch] [nio-8080-exec-9] com.stylematch.service.AIService         : API Key is 'demo', returning mock AI result for BODY_SHAPE
Hibernate: 
    insert 
    into
        test_results
        (created_at, metadata, result, test_type, user_id) 
    values
        (?, ?, ?, ?, ?)
2026-03-25T03:19:46.997+01:00  INFO 56257 --- [StyleMatch] [nio-8080-exec-9] c.s.service.BodyShapeAnalysisService     : [PERF] body shape analysis done — INVERTED_TRIANGLE (3ms)
2026-03-25T03:19:49.679+01:00 DEBUG 56257 --- [StyleMatch] [io-8080-exec-10] com.stylematch.service.UserService       : UserDetailsService: loading user by email: littleritmix@gmail.com
Hibernate: 
    select
        u1_0.id,
        u1_0.age,
        u1_0.email,
        u1_0.gender,
        u1_0.height,
        u1_0.name,
        u1_0.password,
        u1_0.preferred_language,
        u1_0.role,
        u1_0.weight 
    from
        users u1_0 
    where
        u1_0.email=?
2026-03-25T03:19:49.682+01:00  INFO 56257 --- [StyleMatch] [io-8080-exec-10] c.stylematch.controller.UserController   : GET /api/users/me called by littleritmix@gmail.com
Hibernate: 
    select
        u1_0.id,
        u1_0.age,
        u1_0.email,
        u1_0.gender,
        u1_0.height,
        u1_0.name,
        u1_0.password,
        u1_0.preferred_language,
        u1_0.role,
        u1_0.weight 
    from
        users u1_0 
    where
        u1_0.email=?
2026-03-25T03:19:49.688+01:00 DEBUG 56257 --- [StyleMatch] [io-8080-exec-10] com.stylematch.service.UserService       : UserDetailsService: loading user by email: littleritmix@gmail.com
Hibernate: 
    select
        u1_0.id,
        u1_0.age,
        u1_0.email,
        u1_0.gender,
        u1_0.height,
        u1_0.name,
        u1_0.password,
        u1_0.preferred_language,
        u1_0.role,
        u1_0.weight 
    from
        users u1_0 
    where
        u1_0.email=?
2026-03-25T03:19:49.691+01:00  INFO 56257 --- [StyleMatch] [io-8080-exec-10] c.stylematch.controller.UserController   : GET /api/users/me called by littleritmix@gmail.com
2026-03-25T03:19:49.692+01:00 DEBUG 56257 --- [StyleMatch] [nio-8080-exec-6] com.stylematch.service.UserService       : UserDetailsService: loading user by email: littleritmix@gmail.com
Hibernate: 
    select
        u1_0.id,
        u1_0.age,
        u1_0.email,
        u1_0.gender,
        u1_0.height,
        u1_0.name,
        u1_0.password,
        u1_0.preferred_language,
        u1_0.role,
        u1_0.weight 
    from
        users u1_0 
    where
        u1_0.email=?
Hibernate: 
    select
        u1_0.id,
        u1_0.age,
        u1_0.email,
        u1_0.gender,
        u1_0.height,
        u1_0.name,
        u1_0.password,
        u1_0.preferred_language,
        u1_0.role,
        u1_0.weight 
    from
        users u1_0 
    where
        u1_0.email=?
Hibernate: 
    select
        tr1_0.id,
        tr1_0.created_at,
        tr1_0.metadata,
        tr1_0.result,
        tr1_0.test_type,
        tr1_0.user_id 
    from
        test_results tr1_0 
    where
        tr1_0.user_id=? 
    order by
        tr1_0.created_at desc
2026-03-25T03:19:49.704+01:00 DEBUG 56257 --- [StyleMatch] [nio-8080-exec-5] com.stylematch.service.UserService       : UserDetailsService: loading user by email: littleritmix@gmail.com
Hibernate: 
    select
        u1_0.id,
        u1_0.age,
        u1_0.email,
        u1_0.gender,
        u1_0.height,
        u1_0.name,
        u1_0.password,
        u1_0.preferred_language,
        u1_0.role,
        u1_0.weight 
    from
        users u1_0 
    where
        u1_0.email=?
Hibernate: 
    select
        tr1_0.id,
        tr1_0.created_at,
        tr1_0.metadata,
        tr1_0.result,
        tr1_0.test_type,
        tr1_0.user_id 
    from
        test_results tr1_0 
    where
        tr1_0.user_id=? 
    order by
        tr1_0.created_at desc
2026-03-25T03:19:52.121+01:00 DEBUG 56257 --- [StyleMatch] [nio-8080-exec-8] com.stylematch.service.UserService       : UserDetailsService: loading user by email: littleritmix@gmail.com
Hibernate: 
    select
        u1_0.id,
        u1_0.age,
        u1_0.email,
        u1_0.gender,
        u1_0.height,
        u1_0.name,
        u1_0.password,
        u1_0.preferred_language,
        u1_0.role,
        u1_0.weight 
    from
        users u1_0 
    where
        u1_0.email=?
Hibernate: 
    select
        tr1_0.id,
        tr1_0.created_at,
        tr1_0.metadata,
        tr1_0.result,
        tr1_0.test_type,
        tr1_0.user_id 
    from
        test_results tr1_0 
    where
        tr1_0.user_id=?
2026-03-25T03:19:52.127+01:00  INFO 56257 --- [StyleMatch] [nio-8080-exec-8] c.stylematch.service.TestResultService   : Deleted all test results for user: littleritmix@gmail.com
Hibernate: 
    delete 
    from
        test_results 
    where
        id=?
Hibernate: 
    delete 
    from
        test_results 
    where
        id=?
Hibernate: 
    delete 
    from
        test_results 
    where
        id=?
Hibernate: 
    delete 
    from
        test_results 
    where
        id=?
2026-03-25T10:22:11.022+01:00  INFO 56257 --- [StyleMatch] [ionShutdownHook] o.s.b.w.e.tomcat.GracefulShutdown        : Commencing graceful shutdown. Waiting for active requests to complete
2026-03-25T10:22:11.030+01:00  INFO 56257 --- [StyleMatch] [tomcat-shutdown] o.s.b.w.e.tomcat.GracefulShutdown        : Graceful shutdown complete
2026-03-25T10:22:11.049+01:00  INFO 56257 --- [StyleMatch] [ionShutdownHook] j.LocalContainerEntityManagerFactoryBean : Closing JPA EntityManagerFactory for persistence unit 'default'
2026-03-25T10:22:11.054+01:00  INFO 56257 --- [StyleMatch] [ionShutdownHook] com.zaxxer.hikari.HikariDataSource       : HikariPool-1 - Shutdown initiated...
2026-03-25T10:22:11.055+01:00  INFO 56257 --- [StyleMatch] [ionShutdownHook] com.zaxxer.hikari.HikariDataSource       : HikariPool-1 - Shutdown completed.
[INFO] ------------------------------------------------------------------------
[INFO] BUILD FAILURE
[INFO] ------------------------------------------------------------------------
[INFO] Total time:  07:39 h
[INFO] Finished at: 2026-03-25T10:22:11+01:00
[INFO] ------------------------------------------------------------------------
[ERROR] Failed to execute goal org.springframework.boot:spring-boot-maven-plugin:3.4.4:run (default-cli) on project StyleMatch: Process terminated with exit code: 143 -> [Help 1]
[ERROR] 
[ERROR] To see the full stack trace of the errors, re-run Maven with the -e switch.
[ERROR] Re-run Maven using the -X switch to enable full debug logging.
[ERROR] 
[ERROR] For more information about the errors and possible solutions, please read the following articles:
[ERROR] [Help 1] http://cwiki.apache.org/confluence/display/MAVEN/MojoExecutionException
